2026-05-15 08:15:44 [INFO] Indexelés indítása...
2026-05-15 08:15:45 [INFO] DICOM fájlok keresése: 4556 db talált fájl.
2026-05-15 08:17:19 [INFO] XML fájlok keresése: 31562 db talált fájl.
2026-05-15 08:17:19 [INFO] Indexelés kész. Valid párok száma: 926
[2026-05-15 08:17:23] 🚀 Metaadatok indexelése 926 szelethez...
[2026-05-15 12:06:52] ✅ Parquet mentve: training_data_pixelwise.parquet (5967683 sor)
2026-06-14 19:13:37 [INFO] Indexelés indítása...
2026-06-14 19:13:37 [INFO] DICOM fájlok keresése: 60 db talált fájl.
2026-06-14 19:13:39 [INFO] XML fájlok keresése: 18 db talált fájl.
2026-06-14 19:13:39 [INFO] Indexelés kész. Valid párok száma: 18
[2026-06-14 19:13:44] 🚀 Metaadatok indexelése 18 szelethez...
[2026-06-14 19:29:26] ✅ Parquet mentve: training_data_pixelwise.parquet (73105 sor)
2026-06-18 10:45:51 [INFO] Indexelés indítása...
2026-06-18 10:45:52 [INFO] DICOM fájlok keresése: 11506 db talált fájl.
2026-06-18 10:51:10 [INFO] XML fájlok keresése: 31562 db talált fájl.
2026-06-18 10:51:10 [INFO] Indexelés kész. Valid párok száma: 2147
[2026-06-18 11:00:24] 🚀 Metaadatok indexelése 2147 szelethez...
2026-06-18 11:08:09 [INFO] Indexelés indítása...
2026-06-18 11:08:10 [INFO] DICOM fájlok keresése: 11506 db talált fájl.
2026-06-18 11:10:19 [INFO] XML fájlok keresése: 31562 db talált fájl.
2026-06-18 11:10:19 [INFO] Indexelés kész. Valid párok száma: 2147
[2026-06-18 11:18:02] 🚀 Metaadatok indexelése 2147 szelethez...
[2026-06-20 00:43:03] ✅ Parquet mentve: training_data_pixelwise.parquet (13338074 sor)
2026-07-02 08:33:46 [INFO] Indexelés indítása...
2026-07-02 08:33:46 [INFO] DICOM fájlok keresése: 643 db talált fájl.
2026-07-02 08:33:51 [INFO] XML fájlok keresése: 146 db talált fájl.
2026-07-02 08:33:51 [INFO] Indexelés kész. Valid párok száma: 146
[2026-07-02 08:34:12] 🚀 Metaadatok indexelése 146 szelethez...
[2026-07-02 09:08:28] ✅ Parquet mentve: training_data_pixelwise.parquet (1025196 sor)
2026-07-02 09:24:58 [INFO] Indexelés indítása...
2026-07-02 09:24:58 [INFO] DICOM fájlok keresése: 128 db talált fájl.
2026-07-02 09:24:59 [INFO] XML fájlok keresése: 20 db talált fájl.
2026-07-02 09:24:59 [INFO] Indexelés kész. Valid párok száma: 20
[2026-07-02 09:25:03] 🚀 Metaadatok indexelése 20 szelethez...
[2026-07-02 09:28:29] ✅ Parquet mentve: training_data_pixelwise.parquet (78535 sor)
2026-07-02 09:47:39 [INFO] Indexelés indítása...
2026-07-02 09:47:39 [INFO] DICOM fájlok keresése: 128 db talált fájl.
2026-07-02 09:47:47 [INFO] XML fájlok keresése: 20 db talált fájl.
2026-07-02 09:47:47 [INFO] Indexelés kész. Valid párok száma: 20
[2026-07-02 09:47:50] 🚀 Metaadatok indexelése 20 szelethez...
[2026-07-02 09:51:08] ✅ Parquet mentve: training_data_pixelwise.parquet (78535 sor)
2026-07-02 09:58:16 [INFO] Indexelés indítása...
2026-07-02 09:58:16 [INFO] DICOM fájlok keresése: 128 db talált fájl.
2026-07-02 09:58:17 [INFO] XML fájlok keresése: 20 db talált fájl.
2026-07-02 09:58:17 [INFO] Indexelés kész. Valid párok száma: 20
[2026-07-02 09:58:19] 🚀 Metaadatok indexelése 20 szelethez...
[2026-07-02 10:01:21] ✅ Parquet mentve: training_data_pixelwise.parquet (78535 sor)
2026-07-02 10:04:02 [INFO] Indexelés indítása...
2026-07-02 10:04:02 [INFO] DICOM fájlok keresése: 128 db talált fájl.
2026-07-02 10:04:02 [INFO] XML fájlok keresése: 20 db talált fájl.
2026-07-02 10:04:02 [INFO] Indexelés kész. Valid párok száma: 20
[2026-07-02 10:04:04] 🚀 Metaadatok indexelése 20 szelethez...
[2026-07-02 10:07:21] ✅ Parquet mentve: training_data_pixelwise.parquet (78535 sor)
2026-07-02 13:29:51 [INFO] Indexelés indítása...
2026-07-02 13:29:51 [INFO] DICOM fájlok keresése: 128 db talált fájl.
2026-07-02 13:29:53 [INFO] XML fájlok keresése: 20 db talált fájl.
2026-07-02 13:29:53 [INFO] Indexelés kész. Valid párok száma: 20
[2026-07-02 13:29:59] 🚀 Metaadatok indexelése 20 szelethez...
[2026-07-02 13:33:09] ✅ Parquet mentve: training_data_pixelwise.parquet (78535 sor)
